[2025-01-10 12:28:10] error: Error occurred: Not Found - /users 
Stack Trace: Error: Not Found - /users
    at D:\Desktop\JAY CSI APTITUDE PORTAL\csi-aptitude-portal\server\server.js:79:17
    at Layer.handle [as handle_request] (D:\Desktop\JAY CSI APTITUDE PORTAL\csi-aptitude-portal\server\node_modules\express\lib\router\layer.js:95:5)
    at trim_prefix (D:\Desktop\JAY CSI APTITUDE PORTAL\csi-aptitude-portal\server\node_modules\express\lib\router\index.js:328:13)
    at D:\Desktop\JAY CSI APTITUDE PORTAL\csi-aptitude-portal\server\node_modules\express\lib\router\index.js:286:9
    at Function.process_params (D:\Desktop\JAY CSI APTITUDE PORTAL\csi-aptitude-portal\server\node_modules\express\lib\router\index.js:346:12)
    at next (D:\Desktop\JAY CSI APTITUDE PORTAL\csi-aptitude-portal\server\node_modules\express\lib\router\index.js:280:10)
    at D:\Desktop\JAY CSI APTITUDE PORTAL\csi-aptitude-portal\server\node_modules\express-rate-limit\dist\index.cjs:822:7
    at process.processTicksAndRejections (node:internal/process/task_queues:105:5)
    at async D:\Desktop\JAY CSI APTITUDE PORTAL\csi-aptitude-portal\server\node_modules\express-rate-limit\dist\index.cjs:704:5
[2025-01-10 15:04:51] error: Error occurred: Not Found - /users 
Stack Trace: Error: Not Found - /users
    at D:\Desktop\JAY CSI APTITUDE PORTAL\csi-aptitude-portal\server\server.js:86:17
    at Layer.handle [as handle_request] (D:\Desktop\JAY CSI APTITUDE PORTAL\csi-aptitude-portal\server\node_modules\express\lib\router\layer.js:95:5)
    at trim_prefix (D:\Desktop\JAY CSI APTITUDE PORTAL\csi-aptitude-portal\server\node_modules\express\lib\router\index.js:328:13)
    at D:\Desktop\JAY CSI APTITUDE PORTAL\csi-aptitude-portal\server\node_modules\express\lib\router\index.js:286:9
    at Function.process_params (D:\Desktop\JAY CSI APTITUDE PORTAL\csi-aptitude-portal\server\node_modules\express\lib\router\index.js:346:12)
    at next (D:\Desktop\JAY CSI APTITUDE PORTAL\csi-aptitude-portal\server\node_modules\express\lib\router\index.js:280:10)
    at urlencodedParser (D:\Desktop\JAY CSI APTITUDE PORTAL\csi-aptitude-portal\server\node_modules\body-parser\lib\types\urlencoded.js:94:7)
    at Layer.handle [as handle_request] (D:\Desktop\JAY CSI APTITUDE PORTAL\csi-aptitude-portal\server\node_modules\express\lib\router\layer.js:95:5)
    at trim_prefix (D:\Desktop\JAY CSI APTITUDE PORTAL\csi-aptitude-portal\server\node_modules\express\lib\router\index.js:328:13)
    at D:\Desktop\JAY CSI APTITUDE PORTAL\csi-aptitude-portal\server\node_modules\express\lib\router\index.js:286:9
[2025-01-17 12:07:01] info: User ID: 4, Activity: Login attempt, Status: success, Details: User logged in successfully
[2025-01-17 12:07:19] info: User ID: 6, Activity: Register user, Status: success, Details: User registered successfully
[2025-01-17 12:07:24] info: User ID: 4, Activity: Viewed paginated exams, Status: success, Details: Page: 1, Limit: 100
[2025-01-17 12:07:41] info: User ID: 4, Activity: New Exam, Status: success, Details: New Exam created successfully and saved as draft
[2025-01-17 13:43:39] error: Error occurred: Not Found - /api/token 
Stack Trace: Error: Not Found - /api/token
    at C:\Users\ASUS\Desktop\csi-aptitude-portal\server\server.js:86:17
    at Layer.handle [as handle_request] (C:\Users\ASUS\Desktop\csi-aptitude-portal\server\node_modules\express\lib\router\layer.js:95:5)
    at trim_prefix (C:\Users\ASUS\Desktop\csi-aptitude-portal\server\node_modules\express\lib\router\index.js:328:13)
    at C:\Users\ASUS\Desktop\csi-aptitude-portal\server\node_modules\express\lib\router\index.js:286:9
    at Function.process_params (C:\Users\ASUS\Desktop\csi-aptitude-portal\server\node_modules\express\lib\router\index.js:346:12)
    at Immediate.next (C:\Users\ASUS\Desktop\csi-aptitude-portal\server\node_modules\express\lib\router\index.js:280:10)
    at Immediate._onImmediate (C:\Users\ASUS\Desktop\csi-aptitude-portal\server\node_modules\express\lib\router\index.js:646:15)
    at process.processImmediate (node:internal/timers:480:21)
[2025-01-17 13:43:42] info: User ID: 5, Activity: Login attempt, Status: success, Details: User logged in successfully
[2025-01-17 13:44:39] error: Error occurred: Not Found - /api/token 
Stack Trace: Error: Not Found - /api/token
    at C:\Users\ASUS\Desktop\csi-aptitude-portal\server\server.js:86:17
    at Layer.handle [as handle_request] (C:\Users\ASUS\Desktop\csi-aptitude-portal\server\node_modules\express\lib\router\layer.js:95:5)
    at trim_prefix (C:\Users\ASUS\Desktop\csi-aptitude-portal\server\node_modules\express\lib\router\index.js:328:13)
    at C:\Users\ASUS\Desktop\csi-aptitude-portal\server\node_modules\express\lib\router\index.js:286:9
    at Function.process_params (C:\Users\ASUS\Desktop\csi-aptitude-portal\server\node_modules\express\lib\router\index.js:346:12)
    at Immediate.next (C:\Users\ASUS\Desktop\csi-aptitude-portal\server\node_modules\express\lib\router\index.js:280:10)
    at Immediate._onImmediate (C:\Users\ASUS\Desktop\csi-aptitude-portal\server\node_modules\express\lib\router\index.js:646:15)
    at process.processImmediate (node:internal/timers:480:21)
[2025-01-17 13:46:37] info: User ID: 5, Activity: Viewed exams for user, Status: success, Details: Filters applied: Status = live
[2025-01-17 13:47:05] info: User ID: 5, Activity: Viewed exams for user, Status: success, Details: Filters applied: Status = past
[2025-01-17 13:48:00] info: User ID: 5, Activity: Viewed exams for user, Status: success, Details: Filters applied: Status = past
[2025-01-17 13:48:04] info: User ID: 5, Activity: Viewed exams for user, Status: success, Details: Filters applied: Status = scheduled
[2025-01-17 13:48:06] info: User ID: 5, Activity: Viewed exams for user, Status: success, Details: Filters applied: Status = scheduled
[2025-01-17 13:48:24] info: User ID: 5, Activity: Viewed exams for user, Status: success, Details: Filters applied: Status = live
[2025-01-17 13:48:26] info: User ID: 5, Activity: Viewed exams for user, Status: success, Details: Filters applied: Status = live
[2025-01-17 13:52:14] info: User ID: 5, Activity: Viewed exams for user, Status: success, Details: Filters applied: Status = live
[2025-01-17 13:52:51] info: User ID: 5, Activity: Viewed exams for user, Status: success, Details: Filters applied: Status = live
[2025-01-17 13:52:51] info: User ID: 5, Activity: View Results, Status: success, Details: Results found
[2025-01-17 13:53:01] info: User ID: 5, Activity: Viewed exams for user, Status: success, Details: Filters applied: Status = past
